Arquivo acessado em: 2025-03-07 15:29:05
Método: POST
POST: Array
(
    [Nome] => Gabriel Meira
    [Telefone] => 43988622145
    [Renda_Mensal] => R$ 2.001 a R$ 4.000
    [Email] => gabrielmeira@edu.unifil.br
    [Valor_Entrada] => Não
    [captcha2] => on
)

Arquivo acessado em: 2025-03-07 15:29:30
Método: POST
POST: Array
(
    [Nome] => Gabriel Meira
    [Telefone] => 43988622145
    [Renda_Mensal] => R$ 2.001 a R$ 4.000
    [Email] => gabrielmeira@edu.unifil.br
    [Valor_Entrada] => Não
    [captcha2] => on
)

Arquivo acessado em: 2025-03-07 15:39:31
Método: POST
POST: Array
(
    [Nome] => gabriel
    [Telefone] => 6543456543
    [Renda_Mensal] => R$ 2.001 a R$ 4.000
    [Email] => gabijobim7f@gmail.com
    [Valor_Entrada] => Não
    [captcha1] => on
)

Arquivo acessado em: 2025-03-08 17:07:01
Método: POST
POST: Array
(
    [Nome] => Gabriel Meira
    [Telefone] => 43988622145
    [Renda_Mensal] => R$ 2.001 a R$ 4.000
    [Email] => gabrielmeira@edu.unifil.br
    [Valor_Entrada] => Não
    [captcha2] => on
)

Arquivo acessado em: 2025-04-01 19:06:11
Método: POST
POST: Array
(
    [Nome] => Carlos Roberto 
    [Telefone] => 43996923883
    [Renda_Mensal] => Até R$ 2.000
    [Email] => juhcunaha760@gmail.com
    [Valor_Entrada] => Não
)

Arquivo acessado em: 2025-04-02 10:21:49
Método: POST
POST: Array
(
    [Nome] => GLAUCIA 
    [Telefone] => 43991365886
    [Renda_Mensal] => R$ 2.001 a R$ 4.000
    [Email] => glauciaroberts27@gmail.com
    [Valor_Entrada] => Não
)

Arquivo acessado em: 2025-04-02 12:31:37
Método: POST
POST: Array
(
    [Nome] => Suellen
    [Telefone] => 43999928905
    [Renda_Mensal] => Até R$ 2.000
    [Email] => suellenvitoriadearaujosantos@gmail.com
    [Valor_Entrada] => Não
)

Arquivo acessado em: 2025-04-02 17:47:13
Método: POST
POST: Array
(
    [Nome] => Marcos Henrique 
    [Telefone] => (43) 98814-2163
    [Renda_Mensal] => R$ 4.001 a R$ 6.000
    [Email] => marquinhoslimasilva123@hotmail.com
    [Valor_Entrada] => Não
    [captcha1] => on
    [captcha2] => on
    [captcha3] => on
    [captcha4] => on
)

Arquivo acessado em: 2025-04-02 18:01:47
Método: POST
POST: Array
(
    [Nome] => Giovanna
    [Telefone] => (43) 998395248
    [Renda_Mensal] => R$ 4.001 a R$ 6.000
    [Email] => giovannacaroliny12@gmail.com
    [Valor_Entrada] => Não
    [captcha1] => on
)

Arquivo acessado em: 2025-04-02 19:43:35
Método: POST
POST: Array
(
    [Nome] => Rodrigo Kukel 
    [Telefone] => 43991396393
    [Renda_Mensal] => R$ 4.001 a R$ 6.000
    [Email] => rodrigokuks@gmail.com
    [Valor_Entrada] => Não
    [captcha1] => on
    [captcha3] => on
)

Arquivo acessado em: 2025-04-03 15:01:54
Método: POST
POST: Array
(
    [Nome] => Helen Carla 
    [Telefone] => +55 (43) 99956-1564
    [Renda_Mensal] => R$ 4.001 a R$ 6.000
    [Email] => helencarla@live.com
    [Valor_Entrada] => Não
    [captcha1] => on
    [captcha4] => on
)

Arquivo acessado em: 2025-04-04 01:51:09
Método: POST
POST: Array
(
    [Nome] => Moacir Souza Dourado
    [Telefone] => 42998058430
    [Renda_Mensal] => R$ 2.001 a R$ 4.000
    [Email] => mozinhodouradomo@gmail.com
    [Valor_Entrada] => Não
    [captcha1] => on
    [captcha4] => on
)

Arquivo acessado em: 2025-04-04 03:24:57
Método: POST
POST: Array
(
    [Nome] => Camila 
    [Telefone] => 43998304302
    [Renda_Mensal] => R$ 2.001 a R$ 4.000
    [Email] => ca.stefani97@gmail.com
    [Valor_Entrada] => Sim
)

Arquivo acessado em: 2025-04-04 07:41:57
Método: POST
POST: Array
(
    [Nome] => Antônio Maikon dos Santos 
    [Telefone] => (43) 98414-0509
    [Renda_Mensal] => Acima de R$ 6.000
    [Email] => maykontintas52@gmail.com
    [Valor_Entrada] => Não
    [captcha3] => on
)

Arquivo acessado em: 2025-04-04 13:28:22
Método: POST
POST: Array
(
    [Nome] => Victoria Cavalari 
    [Telefone] => (43) 99807-4824
    [Renda_Mensal] => R$ 4.001 a R$ 6.000
    [Email] => victoriacavalari@outlook.com
    [Valor_Entrada] => Não
)

Arquivo acessado em: 2025-04-04 13:32:32
Método: POST
POST: Array
(
    [Nome] => Gabriel Dev (Teste)
    [Telefone] => 43988622145
    [Renda_Mensal] => R$ 2.001 a R$ 4.000
    [Email] => gabrielmeira@edu.unifil.br
    [Valor_Entrada] => Não
    [captcha1] => on
    [captcha2] => on
    [captcha3] => on
    [captcha4] => on
)

Arquivo acessado em: 2025-04-04 15:57:46
Método: POST
POST: Array
(
    [Nome] => Giulia Piovani 
    [Telefone] =>  43 99647 1923
    [Renda_Mensal] => Acima de R$ 6.000
    [Email] => giuliacamargo888@gmail.com
    [Valor_Entrada] => Sim
    [captcha1] => on
    [captcha3] => on
)

Arquivo acessado em: 2025-04-04 21:15:46
Método: POST
POST: Array
(
    [Nome] => João Vitor 
    [Telefone] => 43996719840
    [Renda_Mensal] => R$ 2.001 a R$ 4.000
    [Email] => albuquerque.jv66@gmail.com
    [Valor_Entrada] => Sim
)

Arquivo acessado em: 2025-04-05 10:30:54
Método: POST
POST: Array
(
    [Nome] => Luana Rufino
    [Telefone] => 43996633071
    [Renda_Mensal] => R$ 2.001 a R$ 4.000
    [Email] => luanarufinodossantos@gmail.com
    [Valor_Entrada] => Não
    [captcha1] => on
    [captcha4] => on
)

Arquivo acessado em: 2025-04-07 20:52:23
Método: POST
POST: Array
(
    [Nome] => Jenifer montes
    [Telefone] => 43996631656
    [Renda_Mensal] => R$ 2.001 a R$ 4.000
    [Email] => jenifersouzamontes@gmail.com
    [Valor_Entrada] => Não
    [captcha1] => on
)

Arquivo acessado em: 2025-04-07 20:52:38
Método: POST
POST: Array
(
    [Nome] => Jenifer montes
    [Telefone] => 43996631656
    [Renda_Mensal] => R$ 2.001 a R$ 4.000
    [Email] => jenifersouzamontes@gmail.com
    [Valor_Entrada] => Não
    [captcha1] => on
)

Arquivo acessado em: 2025-04-07 20:53:31
Método: POST
POST: Array
(
    [Nome] => Mabily
    [Telefone] => (43) 99159-1194
    [Renda_Mensal] => Até R$ 2.000
    [Email] => mabily18pinheiro@gmail.com
    [Valor_Entrada] => Não
    [captcha3] => on
    [captcha4] => on
)

Arquivo acessado em: 2025-04-08 00:05:20
Método: POST
POST: Array
(
    [Nome] => Gabriel
    [Telefone] => +55 (43) 8442-6873
    [Renda_Mensal] => R$ 2.001 a R$ 4.000
    [Email] => gabriel.cruz.99@outlook.com
    [Valor_Entrada] => Não
    [captcha1] => on
)

Arquivo acessado em: 2025-04-08 03:15:13
Método: POST
POST: Array
(
    [Nome] => Everson 
    [Telefone] => 43999483725
    [Renda_Mensal] => R$ 4.001 a R$ 6.000
    [Email] => everson.nascimento55@gmail.com
    [Valor_Entrada] => Sim
)

Arquivo acessado em: 2025-04-08 03:20:27
Método: POST
POST: Array
(
    [Nome] => Patricia Aureliano Frederico 
    [Telefone] => 43984127451
    [Renda_Mensal] => R$ 2.001 a R$ 4.000
    [Email] => patriciaaureliano24@gmail.com
    [Valor_Entrada] => Sim
    [captcha1] => on
)

Arquivo acessado em: 2025-04-08 23:01:11
Método: POST
POST: Array
(
    [Nome] => Amanda Siqueira campina 
    [Telefone] => (43) 99979-1130
    [Renda_Mensal] => R$ 2.001 a R$ 4.000
    [Email] => campinamandaa@gmail.com
    [Valor_Entrada] => Sim
    [captcha1] => on
)

Arquivo acessado em: 2025-04-09 10:53:34
Método: POST
POST: Array
(
    [Nome] => Layana vitória Amaro pinheiro 
    [Telefone] => 43984277281
    [Renda_Mensal] => R$ 2.001 a R$ 4.000
    [Email] => layana_vitoria_@hotmail.com
    [Valor_Entrada] => Não
)

Arquivo acessado em: 2025-04-09 17:01:14
Método: POST
POST: Array
(
    [Nome] => Amanda 
    [Telefone] => (43) 9998-13787
    [Renda_Mensal] => R$ 2.001 a R$ 4.000
    [Email] => amandaprado.contabil@gmail.com
    [Valor_Entrada] => Não
    [captcha1] => on
    [captcha4] => on
)

Arquivo acessado em: 2025-04-09 18:57:20
Método: POST
POST: Array
(
    [Nome] => Stelio Malagolini Mota Júnior 
    [Telefone] => 43991329576
    [Renda_Mensal] => R$ 2.001 a R$ 4.000
    [Email] => sjtj97@outlook.com
    [Valor_Entrada] => Não
    [captcha1] => on
)

Arquivo acessado em: 2025-04-10 12:01:21
Método: POST
POST: Array
(
    [Nome] => Gabriela Nascimento silva
    [Telefone] => 43984044548
    [Renda_Mensal] => R$ 2.001 a R$ 4.000
    [Email] => gabriela.n.comercial@gmail.com
    [Valor_Entrada] => Não
    [captcha1] => on
    [captcha3] => on
)

Arquivo acessado em: 2025-04-10 12:54:04
Método: POST
POST: Array
(
    [Nome] => Arthur Gregio 
    [Telefone] => 43999180350
    [Renda_Mensal] => R$ 2.001 a R$ 4.000
    [Email] => gregioarthur@gmail.com
    [Valor_Entrada] => Não
)

Arquivo acessado em: 2025-04-10 16:28:55
Método: POST
POST: Array
(
    [Nome] => Inaê 
    [Telefone] => (43) 98411-0391
    [Renda_Mensal] => R$ 2.001 a R$ 4.000
    [Email] => inaejulianabs@gmail.com
    [Valor_Entrada] => Não
)

Arquivo acessado em: 2025-04-10 19:01:47
Método: POST
POST: Array
(
    [Nome] => Luana
    [Telefone] => (43) 99656-9196
    [Renda_Mensal] => R$ 2.001 a R$ 4.000
    [Email] => luana-pereira16@outlook.com
    [Valor_Entrada] => Sim
    [captcha1] => on
    [captcha4] => on
)

Arquivo acessado em: 2025-04-10 19:17:24
Método: POST
POST: Array
(
    [Nome] => Adelmilson Siqueira 
    [Telefone] => (43) 98418-6739
    [Renda_Mensal] => Acima de R$ 6.000
    [Email] => adeevqv.as@gmail.com
    [Valor_Entrada] => Não
    [captcha2] => on
    [captcha4] => on
)

Arquivo acessado em: 2025-04-10 23:43:22
Método: POST
POST: Array
(
    [Nome] => Kelli caroline da Fonseca 
    [Telefone] => (43) 99697-1834
    [Renda_Mensal] => R$ 2.001 a R$ 4.000
    [Email] => karolkelli55@gmail.com
    [Valor_Entrada] => Não
    [captcha3] => on
    [captcha4] => on
)

Arquivo acessado em: 2025-04-10 23:43:24
Método: POST
POST: Array
(
    [Nome] => Kelli caroline da Fonseca 
    [Telefone] => (43) 99697-1834
    [Renda_Mensal] => R$ 2.001 a R$ 4.000
    [Email] => karolkelli55@gmail.com
    [Valor_Entrada] => Não
    [captcha3] => on
    [captcha4] => on
)

Arquivo acessado em: 2025-04-10 23:43:29
Método: POST
POST: Array
(
    [Nome] => Kelli caroline da Fonseca 
    [Telefone] => (43) 99697-1834
    [Renda_Mensal] => R$ 2.001 a R$ 4.000
    [Email] => karolkelli55@gmail.com
    [Valor_Entrada] => Não
    [captcha3] => on
    [captcha4] => on
)

Arquivo acessado em: 2025-04-11 04:05:35
Método: POST
POST: Array
(
    [Nome] => Vinicius de Melo Milani
    [Telefone] => +55 (43) 99172-2862
    [Renda_Mensal] => R$ 4.001 a R$ 6.000
    [Email] => viniciusmmilani@gmail.com
    [Valor_Entrada] => Não
    [captcha1] => on
)

Arquivo acessado em: 2025-04-11 05:10:45
Método: POST
POST: Array
(
    [Nome] => Marina Andrade 
    [Telefone] => (43) 99101-4910
    [Renda_Mensal] => R$ 2.001 a R$ 4.000
    [Email] => marina.andrade22@hotmail.com
    [Valor_Entrada] => Não
    [captcha1] => on
    [captcha4] => on
)

Arquivo acessado em: 2025-04-11 11:07:00
Método: POST
POST: Array
(
    [Nome] => Kettelly alves 
    [Telefone] => 43988325870
    [Renda_Mensal] => Até R$ 2.000
    [Email] => kettellyavila1@gmail.com
    [Valor_Entrada] => Sim
    [captcha3] => on
)

Arquivo acessado em: 2025-04-11 11:08:41
Método: POST
POST: Array
(
    [Nome] => Ana Luísa ribeiro
    [Telefone] => (43)99630-4890
    [Renda_Mensal] => R$ 2.001 a R$ 4.000
    [Email] => analuisak25@gmail.com
    [Valor_Entrada] => Não
    [captcha1] => on
)

Arquivo acessado em: 2025-04-11 11:12:31
Método: POST
POST: Array
(
    [Nome] => Flávia Carolina Januario
    [Telefone] => (43) 98819-7826
    [Renda_Mensal] => R$ 2.001 a R$ 4.000
    [Email] => camparellyflavia@gmail.com
    [Valor_Entrada] => Não
    [captcha1] => on
    [captcha4] => on
)

Arquivo acessado em: 2025-04-11 11:48:31
Método: POST
POST: Array
(
    [Nome] => Maria Paula Pacheco Jacomo Mattos
    [Telefone] => 43984325898
    [Renda_Mensal] => R$ 2.001 a R$ 4.000
    [Email] => miajacomo@yahoo.com.br
    [Valor_Entrada] => Sim
)

Arquivo acessado em: 2025-04-11 14:11:00
Método: POST
POST: Array
(
    [Nome] => Bruna Caroline de Lima malagute
    [Telefone] => 43988532847
    [Renda_Mensal] => R$ 2.001 a R$ 4.000
    [Email] => bruna_malagute13@hotmail.com
    [Valor_Entrada] => Não
)

Arquivo acessado em: 2025-04-11 17:13:09
Método: POST
POST: Array
(
    [Nome] => Alexandre lopes 
    [Telefone] => 43996925633
    [Renda_Mensal] => Até R$ 2.000
    [Email] => alexandrexd@icloud.com
    [Valor_Entrada] => Não
)

Arquivo acessado em: 2025-04-11 17:30:44
Método: POST
POST: Array
(
    [Nome] => Gustavo Gomes 
    [Telefone] => 43984624769
    [Renda_Mensal] => R$ 2.001 a R$ 4.000
    [Email] => gu35km@gmail.com
    [Valor_Entrada] => Sim
)

Arquivo acessado em: 2025-04-12 02:29:59
Método: POST
POST: Array
(
    [Nome] => Anelise Fioroto 
    [Telefone] => (43) 99604-5017
    [Renda_Mensal] => R$ 2.001 a R$ 4.000
    [Email] => anelisefioroto@gmail.com
    [Valor_Entrada] => Sim
    [captcha3] => on
)

Arquivo acessado em: 2025-04-12 04:31:40
Método: POST
POST: Array
(
    [Nome] => Ingrid Cristina verri 
    [Telefone] => 43996989703
    [Renda_Mensal] => Até R$ 2.000
    [Email] => ingridverri18@gmail.com
    [Valor_Entrada] => Não
    [captcha1] => on
    [captcha4] => on
)

Arquivo acessado em: 2025-04-12 09:39:41
Método: POST
POST: Array
(
    [Nome] => pedro thiago luiz
    [Telefone] => 43991191908
    [Renda_Mensal] => R$ 4.001 a R$ 6.000
    [Email] => pedrothiagoluiz@gmail.com
    [Valor_Entrada] => Não
    [captcha1] => on
    [captcha4] => on
)

Arquivo acessado em: 2025-04-12 12:28:57
Método: POST
POST: Array
(
    [Nome] => Maria Carolina Delpin
    [Telefone] => (43) 99692-0955
    [Renda_Mensal] => R$ 2.001 a R$ 4.000
    [Email] => mariadelpinleite@hotmail.com
    [Valor_Entrada] => Não
    [captcha1] => on
)

Arquivo acessado em: 2025-04-12 14:45:51
Método: POST
POST: Array
(
    [Nome] => Mariana Gonçalves Dias
    [Telefone] => 43991428095
    [Renda_Mensal] => R$ 2.001 a R$ 4.000
    [Email] => marianagoncalves080216@gmail.com
    [Valor_Entrada] => Não
    [captcha3] => on
    [captcha4] => on
)

Arquivo acessado em: 2025-04-12 17:53:05
Método: POST
POST: Array
(
    [Nome] => Thaís Caroline barizon Costa
    [Telefone] => (43) 98871-1101
    [Renda_Mensal] => R$ 4.001 a R$ 6.000
    [Email] => thaisbarizon16@gmail.com
    [Valor_Entrada] => Sim
    [captcha1] => on
    [captcha2] => on
    [captcha3] => on
    [captcha4] => on
)

Arquivo acessado em: 2025-04-12 20:43:35
Método: POST
POST: Array
(
    [Nome] => Rodner lorran 
    [Telefone] => 43984787894
    [Renda_Mensal] => R$ 4.001 a R$ 6.000
    [Email] => rodnerlorran123@gmail.comr
    [Valor_Entrada] => Não
)

Arquivo acessado em: 2025-04-13 01:21:38
Método: POST
POST: Array
(
    [Nome] => Julia Silva Pereira 
    [Telefone] => 43996070595
    [Renda_Mensal] => R$ 2.001 a R$ 4.000
    [Email] => juliasplondrina@gmail.com
    [Valor_Entrada] => Sim
    [captcha1] => on
    [captcha4] => on
)

Arquivo acessado em: 2025-04-13 12:27:33
Método: POST
POST: Array
(
    [Nome] => Carolina aparecida teodoro
    [Telefone] => 43984475259
    [Renda_Mensal] => R$ 2.001 a R$ 4.000
    [Email] => teodrokaroline@gmail.com
    [Valor_Entrada] => Sim
    [captcha1] => on
    [captcha2] => on
    [captcha3] => on
    [captcha4] => on
)

Arquivo acessado em: 2025-04-13 12:58:56
Método: POST
POST: Array
(
    [Nome] => Joice Cristina de Avila 
    [Telefone] => 43998713097
    [Renda_Mensal] => R$ 2.001 a R$ 4.000
    [Email] => joiceavilavila33@gmail.com
    [Valor_Entrada] => Sim
    [captcha1] => on
    [captcha3] => on
    [captcha4] => on
)

Arquivo acessado em: 2025-04-13 15:11:54
Método: POST
POST: Array
(
    [Nome] => Michaele Fernanda 
    [Telefone] => (43) 9842-34820
    [Renda_Mensal] => Até R$ 2.000
    [Email] => fernandamichaele384@gmail.com
    [Valor_Entrada] => Não
    [captcha4] => on
)

Arquivo acessado em: 2025-04-13 21:13:57
Método: POST
POST: Array
(
    [Nome] => gustavo
    [Telefone] => 43996665043
    [Renda_Mensal] => R$ 2.001 a R$ 4.000
    [Email] => gustavoando21@gmail.com
    [Valor_Entrada] => Sim
    [captcha1] => on
    [captcha3] => on
)

Arquivo acessado em: 2025-04-13 22:31:29
Método: POST
POST: Array
(
    [Nome] => Thaynara calixto 
    [Telefone] => (43) 98487-5219
    [Renda_Mensal] => Até R$ 2.000
    [Email] => thaynarcalixto@gmail.com
    [Valor_Entrada] => Não
    [captcha4] => on
)

Arquivo acessado em: 2025-04-13 22:32:18
Método: POST
POST: Array
(
    [Nome] => Jonathan Ferreira da Silva 
    [Telefone] => (43) 98487-5219
    [Renda_Mensal] => R$ 2.001 a R$ 4.000
    [Email] => jonathaaaaansilva63@gmail.com
    [Valor_Entrada] => Sim
    [captcha1] => on
    [captcha4] => on
)

Arquivo acessado em: 2025-04-13 22:39:55
Método: POST
POST: Array
(
    [Nome] => Gabriela Pires
    [Telefone] => 43999774649
    [Renda_Mensal] => Até R$ 2.000
    [Email] => gabrielapires845@gmail.com
    [Valor_Entrada] => Sim
    [captcha4] => on
)

Arquivo acessado em: 2025-04-13 23:17:14
Método: POST
POST: Array
(
    [Nome] => Guilherme Gomes 
    [Telefone] => 54999690603
    [Renda_Mensal] => R$ 2.001 a R$ 4.000
    [Email] => gomeszimer@gmail.com
    [Valor_Entrada] => Não
    [captcha1] => on
)

Arquivo acessado em: 2025-04-13 23:52:16
Método: POST
POST: Array
(
    [Nome] => Fernando Ferreira Pulga 
    [Telefone] => 43996015198
    [Renda_Mensal] => R$ 2.001 a R$ 4.000
    [Email] => fernandopulga67@gmail.com
    [Valor_Entrada] => Não
    [captcha1] => on
    [captcha4] => on
)

Arquivo acessado em: 2025-04-14 01:55:28
Método: POST
POST: Array
(
    [Nome] => Jonathan Benevides Nogueira
    [Telefone] => (43) 99156 5325
    [Renda_Mensal] => Até R$ 2.000
    [Email] => picapau_benevides@hotmail.com
    [Valor_Entrada] => Não
)

Arquivo acessado em: 2025-04-14 02:12:33
Método: POST
POST: Array
(
    [Nome] => Bruna Alves Pereira
    [Telefone] => +55 (43) 98436-3147
    [Renda_Mensal] => Acima de R$ 6.000
    [Email] => brunalvespereira.ba@gmail.com
    [Valor_Entrada] => Não
)

Arquivo acessado em: 2025-04-14 14:53:04
Método: POST
POST: Array
(
    [Nome] => Ketelyn Fabiane do Nascimento
    [Telefone] => 43999426876
    [Renda_Mensal] => R$ 2.001 a R$ 4.000
    [Email] => ketelynfabiane@gmail.com
    [Valor_Entrada] => Não
    [captcha4] => on
)

Arquivo acessado em: 2025-04-14 17:28:37
Método: POST
POST: Array
(
    [Nome] => Nayara beatriz Santos 
    [Telefone] => 43998239772
    [Renda_Mensal] => R$ 4.001 a R$ 6.000
    [Email] => nayarabsdc@hotmail.com
    [Valor_Entrada] => Sim
)

Arquivo acessado em: 2025-04-14 23:20:12
Método: POST
POST: Array
(
    [Nome] => Marlon Ivalea Silva 
    [Telefone] => 43998130511
    [Renda_Mensal] => R$ 2.001 a R$ 4.000
    [Email] => marlonivaslea@outlook.com
    [Valor_Entrada] => Sim
    [captcha3] => on
)

Arquivo acessado em: 2025-04-15 00:55:25
Método: POST
POST: Array
(
    [Nome] => Edneia ortencio
    [Telefone] => +5543999266740
    [Renda_Mensal] => R$ 2.001 a R$ 4.000
    [Email] => edneiaortencio30@gmail.com
    [Valor_Entrada] => Sim
    [captcha4] => on
)

Arquivo acessado em: 2025-04-15 10:36:12
Método: POST
POST: Array
(
    [Nome] => Isabela Chiarelli tete 
    [Telefone] => 43996984824
    [Renda_Mensal] => R$ 2.001 a R$ 4.000
    [Email] => isabelatet@hotmail.com
    [Valor_Entrada] => Não
)

Arquivo acessado em: 2025-04-15 15:21:41
Método: POST
POST: Array
(
    [Nome] => Sabrina 
    [Telefone] => (43) 99109-4751
    [Renda_Mensal] => R$ 2.001 a R$ 4.000
    [Email] => saaahsantos15@gmail.com
    [Valor_Entrada] => Não
    [captcha1] => on
    [captcha4] => on
)

Arquivo acessado em: 2025-04-15 21:49:31
Método: POST
POST: Array
(
    [Nome] => Larisa 
    [Telefone] => (43) 99914-8236
    [Renda_Mensal] => Até R$ 2.000
    [Email] => larisacordeiro0512@gmail.com
    [Valor_Entrada] => Sim
    [captcha1] => on
    [captcha4] => on
)

Arquivo acessado em: 2025-04-15 23:32:42
Método: POST
POST: Array
(
    [Nome] => Lucas prado
    [Telefone] => 43999337062
    [Renda_Mensal] => R$ 4.001 a R$ 6.000
    [Email] => lukasprado377@gmail.com
    [Valor_Entrada] => Não
    [captcha1] => on
    [captcha3] => on
    [captcha4] => on
)

Arquivo acessado em: 2025-04-16 00:26:52
Método: POST
POST: Array
(
    [Nome] => Thyago Freire balestra 
    [Telefone] => 43996273287
    [Renda_Mensal] => R$ 2.001 a R$ 4.000
    [Email] => thyagobalestra360@gmail.com
    [Valor_Entrada] => Sim
    [captcha1] => on
    [captcha2] => on
    [captcha3] => on
    [captcha4] => on
)

Arquivo acessado em: 2025-04-16 01:36:36
Método: POST
POST: Array
(
    [Nome] => João Paulo 
    [Telefone] => 43998658792
    [Renda_Mensal] => R$ 2.001 a R$ 4.000
    [Email] => joaopfe1@gma.com
    [Valor_Entrada] => Sim
)

Arquivo acessado em: 2025-04-16 15:47:20
Método: POST
POST: Array
(
    [Nome] => Isabely cristina dos santos
    [Telefone] => +5543991775561
    [Renda_Mensal] => R$ 2.001 a R$ 4.000
    [Email] => prof.isabely@gmail.com
    [Valor_Entrada] => Sim
    [captcha4] => on
)

Arquivo acessado em: 2025-04-16 16:37:33
Método: POST
POST: Array
(
    [Nome] => Fernanda Oliveira dos Santos 
    [Telefone] => +351 938 184 137
    [Renda_Mensal] => R$ 2.001 a R$ 4.000
    [Email] => ferolivernunes@gmail.com
    [Valor_Entrada] => Sim
    [captcha1] => on
    [captcha3] => on
    [captcha4] => on
)

Arquivo acessado em: 2025-04-16 18:17:35
Método: POST
POST: Array
(
    [Nome] => Yasmin dos Passos Pinto 
    [Telefone] => (43) 9-8839-8267
    [Renda_Mensal] => R$ 2.001 a R$ 4.000
    [Email] => yasminpp888@gmail.com
    [Valor_Entrada] => Não
    [captcha4] => on
)

Arquivo acessado em: 2025-04-16 18:40:59
Método: POST
POST: Array
(
    [Nome] => Marly Gomes Graciano Maria 
    [Telefone] => 351968745612
    [Renda_Mensal] => Acima de R$ 6.000
    [Email] => marlygraciano11@gmail.com
    [Valor_Entrada] => Não
    [captcha4] => on
)

Arquivo acessado em: 2025-04-16 22:34:21
Método: POST
POST: Array
(
    [Nome] => Bianca Elahe Montanini
    [Telefone] => 43991087828
    [Renda_Mensal] => Até R$ 2.000
    [Email] => biancaelahe.montanini@gmail.com
    [Valor_Entrada] => Não
    [captcha1] => on
    [captcha4] => on
)

Arquivo acessado em: 2025-04-17 04:04:22
Método: POST
POST: Array
(
    [Nome] => Mariana Luisa dias da Silva 
    [Telefone] => 43996837865
    [Renda_Mensal] => R$ 2.001 a R$ 4.000
    [Email] => marianasilva28417@gmail.com
    [Valor_Entrada] => Sim
    [captcha4] => on
)

Arquivo acessado em: 2025-04-17 09:03:27
Método: POST
POST: Array
(
    [Nome] => Edevanilde 
    [Telefone] => +351922 273 043
    [Renda_Mensal] => R$ 2.001 a R$ 4.000
    [Email] => deaparecidarosa2910@gmail.com
    [Valor_Entrada] => Não
    [captcha1] => on
)

Arquivo acessado em: 2025-04-17 14:47:46
Método: POST
POST: Array
(
    [Nome] => Conrado Caique da Luz Teixeira
    [Telefone] => 43988301464
    [Renda_Mensal] => R$ 2.001 a R$ 4.000
    [Email] => conradocaique@hotmail.com
    [Valor_Entrada] => Não
    [captcha1] => on
)

Arquivo acessado em: 2025-04-17 18:29:11
Método: POST
POST: Array
(
    [Nome] => leonardo nakama
    [Telefone] => 43920025710
    [Renda_Mensal] => R$ 4.001 a R$ 6.000
    [Email] => leonardonakama0430@gmail.com
    [Valor_Entrada] => Sim
)

Arquivo acessado em: 2025-04-17 20:58:45
Método: POST
POST: Array
(
    [Nome] => Alessandro 
    [Telefone] => 43999920892
    [Renda_Mensal] => R$ 2.001 a R$ 4.000
    [Email] => alessandro_onofri@hotmail.com
    [Valor_Entrada] => Não
)

Arquivo acessado em: 2025-04-17 21:05:37
Método: POST
POST: Array
(
    [Nome] => Franciele Matias Rodrigues 
    [Telefone] => (43) 9 8825-8304
    [Renda_Mensal] => R$ 4.001 a R$ 6.000
    [Email] => fmatiasro@gmail.com
    [Valor_Entrada] => Sim
)

Arquivo acessado em: 2025-04-17 21:13:06
Método: POST
POST: Array
(
    [Nome] => Eduardo F Sussai 
    [Telefone] => 07482 240402
    [Renda_Mensal] => R$ 2.001 a R$ 4.000
    [Email] => eduardosussai@hotmail.com
    [Valor_Entrada] => Não
)

Arquivo acessado em: 2025-04-17 22:06:40
Método: POST
POST: Array
(
    [Nome] => Pedro Gabriel Queiroz Alves
    [Telefone] => (43) 99965-7831
    [Renda_Mensal] => R$ 2.001 a R$ 4.000
    [Email] => queirozp178@gmail.com
    [Valor_Entrada] => Não
)

Arquivo acessado em: 2025-04-17 22:11:11
Método: POST
POST: Array
(
    [Nome] => Márcio 
    [Telefone] => 934527517
    [Renda_Mensal] => Acima de R$ 6.000
    [Email] => marcioejose@hotmail.com
    [Valor_Entrada] => Não
)

Arquivo acessado em: 2025-04-17 22:11:12
Método: POST
POST: Array
(
    [Nome] => Márcio 
    [Telefone] => 934527517
    [Renda_Mensal] => Acima de R$ 6.000
    [Email] => marcioejose@hotmail.com
    [Valor_Entrada] => Não
)

Arquivo acessado em: 2025-04-17 23:43:30
Método: POST
POST: Array
(
    [Nome] => Jean Nogueira ito 
    [Telefone] => 43991619841
    [Renda_Mensal] => Acima de R$ 6.000
    [Email] => jeannogueira1996@hotmail.com
    [Valor_Entrada] => Não
    [captcha1] => on
    [captcha2] => on
)

Arquivo acessado em: 2025-04-18 09:51:12
Método: POST
POST: Array
(
    [Nome] => Micaelly dos Santos 
    [Telefone] => 991663703
    [Renda_Mensal] => R$ 4.001 a R$ 6.000
    [Email] => zzmicaellypt@gamil.com
    [Valor_Entrada] => Não
    [captcha1] => on
    [captcha3] => on
)

Arquivo acessado em: 2025-04-18 10:16:19
Método: POST
POST: Array
(
    [Nome] => Allysson Machado 
    [Telefone] => +351961858665
    [Renda_Mensal] => R$ 2.001 a R$ 4.000
    [Email] => zzblackseur@gmail.com
    [Valor_Entrada] => Sim
    [captcha1] => on
    [captcha3] => on
)

Arquivo acessado em: 2025-04-18 15:48:43
Método: POST
POST: Array
(
    [Nome] => Natalia Bacarin de Paula
    [Telefone] => 43991754244
    [Renda_Mensal] => Até R$ 2.000
    [Email] => nbacarindepaula@gmail.com
    [Valor_Entrada] => Sim
    [captcha1] => on
)

Arquivo acessado em: 2025-04-18 20:03:11
Método: POST
POST: Array
(
    [Nome] => Priscilla 
    [Telefone] => 984770909
    [Renda_Mensal] => R$ 2.001 a R$ 4.000
    [Email] => priscillagohara@hotmail.com
    [Valor_Entrada] => Não
    [captcha1] => on
)

Arquivo acessado em: 2025-04-18 20:56:44
Método: POST
POST: Array
(
    [Nome] => Aguinaldo pereira neves Pereira neves
    [Telefone] => +351912040761
    [Renda_Mensal] => Até R$ 2.000
    [Email] => almagemeagrelhados@gmail.com
    [Valor_Entrada] => Não
    [captcha1] => on
    [captcha2] => on
    [captcha3] => on
    [captcha4] => on
)

Arquivo acessado em: 2025-04-18 20:56:45
Método: POST
POST: Array
(
    [Nome] => Aguinaldo pereira neves Pereira neves
    [Telefone] => +351912040761
    [Renda_Mensal] => Até R$ 2.000
    [Email] => almagemeagrelhados@gmail.com
    [Valor_Entrada] => Não
    [captcha1] => on
    [captcha2] => on
    [captcha3] => on
    [captcha4] => on
)

Arquivo acessado em: 2025-04-18 21:23:35
Método: POST
POST: Array
(
    [Nome] => Adriene Santos
    [Telefone] => 922247113
    [Renda_Mensal] => R$ 4.001 a R$ 6.000
    [Email] => adryenevicgab@gmail.com
    [Valor_Entrada] => Não
)

Arquivo acessado em: 2025-04-19 00:39:51
Método: POST
POST: Array
(
    [Nome] => Elynara dos Santos 
    [Telefone] => 43988697578
    [Renda_Mensal] => R$ 2.001 a R$ 4.000
    [Email] => elypvpace@icloud.com
    [Valor_Entrada] => Não
    [captcha1] => on
    [captcha3] => on
)

Arquivo acessado em: 2025-04-19 10:39:08
Método: POST
POST: Array
(
    [Nome] => Gabrielle Amanda Peder menezes
    [Telefone] => 43984458974
    [Renda_Mensal] => Até R$ 2.000
    [Email] => gabipederm@gmail.com
    [Valor_Entrada] => Não
    [captcha4] => on
)

Arquivo acessado em: 2025-04-19 13:12:09
Método: POST
POST: Array
(
    [Nome] => Kamila Evers Gabriel iasbek
    [Telefone] => (43) 999032039
    [Renda_Mensal] => Acima de R$ 6.000
    [Email] => kamilaeiasbek@gmail.com
    [Valor_Entrada] => Não
)

Arquivo acessado em: 2025-04-19 13:16:55
Método: POST
POST: Array
(
    [Nome] => Gustavo Santos de Oliveira 
    [Telefone] => 43984983463
    [Renda_Mensal] => Até R$ 2.000
    [Email] => gsstavosoliveira@gmail.com
    [Valor_Entrada] => Sim
    [captcha1] => on
)

Arquivo acessado em: 2025-04-20 00:20:37
Método: POST
POST: Array
(
    [Nome] => Lorran Feitosa
    [Telefone] => 43 99905-0881
    [Renda_Mensal] => R$ 2.001 a R$ 4.000
    [Email] => lorrancristina.150291@gmail.com
    [Valor_Entrada] => Não
    [captcha1] => on
)

Arquivo acessado em: 2025-04-20 02:06:08
Método: POST
POST: Array
(
    [Nome] => KAWAna dos santos 
    [Telefone] => (43) 99163-6029
    [Renda_Mensal] => R$ 2.001 a R$ 4.000
    [Email] => kaaw.santos.ks@gmail.com
    [Valor_Entrada] => Não
    [captcha3] => on
    [captcha4] => on
)

Arquivo acessado em: 2025-04-20 13:03:47
Método: POST
POST: Array
(
    [Nome] => Lais da Silva 
    [Telefone] => 43996456287
    [Renda_Mensal] => Até R$ 2.000
    [Email] => costalais313@gmail.com
    [Valor_Entrada] => Sim
)

Arquivo acessado em: 2025-04-20 16:42:40
Método: POST
POST: Array
(
    [Nome] => Paulo Maragno 
    [Telefone] => 43988371817
    [Renda_Mensal] => R$ 2.001 a R$ 4.000
    [Email] => paulomaragno67@gmail.com
    [Valor_Entrada] => Não
    [captcha3] => on
    [captcha4] => on
)

Arquivo acessado em: 2025-04-21 11:42:57
Método: POST
POST: Array
(
    [Nome] => Bruno 
    [Telefone] => 43984763971
    [Renda_Mensal] => R$ 2.001 a R$ 4.000
    [Email] => brunno3131@hotmail.com
    [Valor_Entrada] => Sim
)

Arquivo acessado em: 2025-04-21 12:35:54
Método: POST
POST: Array
(
    [Nome] => Taissa Bergamini 
    [Telefone] => 43984923455
    [Renda_Mensal] => R$ 2.001 a R$ 4.000
    [Email] => taissabergamini@hotmail.com
    [Valor_Entrada] => Não
)

Arquivo acessado em: 2025-04-21 14:05:38
Método: POST
POST: Array
(
    [Nome] => Giovana
    [Telefone] => 13984862838
    [Renda_Mensal] => Até R$ 2.000
    [Email] => gibertoziserafim@gmail.com
    [Valor_Entrada] => Não
    [captcha1] => on
    [captcha3] => on
    [captcha4] => on
)

Arquivo acessado em: 2025-04-21 14:10:55
Método: POST
POST: Array
(
    [Nome] => Fabiana
    [Telefone] => 935616488
    [Renda_Mensal] => R$ 2.001 a R$ 4.000
    [Email] => bia.rovina@hotmail.com
    [Valor_Entrada] => Não
)

Arquivo acessado em: 2025-04-21 17:02:06
Método: POST
POST: Array
(
    [Nome] => Larissa
    [Telefone] => (18) 99625-9730
    [Renda_Mensal] => Até R$ 2.000
    [Email] => larimascarenhass@gmail.com
    [Valor_Entrada] => Não
)

Arquivo acessado em: 2025-04-22 01:53:21
Método: POST
POST: Array
(
    [Nome] => Thais
    [Telefone] => (19) 98931-7574
    [Renda_Mensal] => R$ 4.001 a R$ 6.000
    [Email] => thaisanndrade38@gmail.com
    [Valor_Entrada] => Não
    [captcha1] => on
    [captcha4] => on
)

Arquivo acessado em: 2025-04-22 10:04:25
Método: POST
POST: Array
(
    [Nome] => André Portas Teixeira
    [Telefone] => 43999629044
    [Renda_Mensal] => R$ 2.001 a R$ 4.000
    [Email] => andreportas85@hotmail.com
    [Valor_Entrada] => Não
    [captcha1] => on
    [captcha2] => on
    [captcha4] => on
)

Arquivo acessado em: 2025-04-22 12:40:16
Método: POST
POST: Array
(
    [Nome] => Pamela Cristina Rodriguês 
    [Telefone] => (43) 98477-8139
    [Renda_Mensal] => R$ 2.001 a R$ 4.000
    [Email] => pamela_cristina_18@hotmail.com
    [Valor_Entrada] => Sim
)

Arquivo acessado em: 2025-04-23 01:46:20
Método: POST
POST: Array
(
    [Nome] => Isabela Bonilia
    [Telefone] => (43) 99159-1796
    [Renda_Mensal] => R$ 4.001 a R$ 6.000
    [Email] => isabela.bonilha@hotmail.com
    [Valor_Entrada] => Não
    [captcha4] => on
)

Arquivo acessado em: 2025-04-23 09:59:57
Método: POST
POST: Array
(
    [Nome] => Jessica Pinheiro Clemente 
    [Telefone] => 4388566710
    [Renda_Mensal] => R$ 2.001 a R$ 4.000
    [Email] => jessicaclemente1296@gmail.com
    [Valor_Entrada] => Não
    [captcha4] => on
)

Arquivo acessado em: 2025-04-23 12:51:09
Método: POST
POST: Array
(
    [Nome] => Edson Zanutto
    [Telefone] => 43999109717
    [Renda_Mensal] => Até R$ 2.000
    [Email] => edson_zanuttofilho@hotmail.com
    [Valor_Entrada] => Não
    [captcha1] => on
)

Arquivo acessado em: 2025-04-23 13:07:14
Método: POST
POST: Array
(
    [Nome] => Rosângela Adriana de Campos 
    [Telefone] => 43984276622
    [Renda_Mensal] => R$ 2.001 a R$ 4.000
    [Email] => dudacamposcpss@gmail.com
    [Valor_Entrada] => Não
    [captcha2] => on
)

Arquivo acessado em: 2025-04-23 15:19:37
Método: POST
POST: Array
(
    [Nome] => Douglas Pereira de melo
    [Telefone] => 43999758429
    [Renda_Mensal] => Até R$ 2.000
    [Email] => douglaspereira15032001@gmail.com
    [Valor_Entrada] => Sim
)

Arquivo acessado em: 2025-04-23 16:53:23
Método: POST
POST: Array
(
    [Nome] => Leticia Gabriella Nobrega Helal
    [Telefone] => (43) 991212735
    [Renda_Mensal] => R$ 2.001 a R$ 4.000
    [Email] => leticia.gnh@gmail.com
    [Valor_Entrada] => Não
)

Arquivo acessado em: 2025-04-24 07:44:58
Método: POST
POST: Array
(
    [Nome] => Danieli Souza
    [Telefone] => (43) 99971-7508
    [Renda_Mensal] => Até R$ 2.000
    [Email] => danielicristinas@gmail.com
    [Valor_Entrada] => Não
    [captcha1] => on
    [captcha4] => on
)

Arquivo acessado em: 2025-04-24 10:42:05
Método: POST
POST: Array
(
    [Nome] => Natalia Bueno
    [Telefone] => (43) 99177-4371
    [Renda_Mensal] => R$ 4.001 a R$ 6.000
    [Email] => nataliabuenotd@gmail.com
    [Valor_Entrada] => Não
    [captcha2] => on
    [captcha4] => on
)

Arquivo acessado em: 2025-04-25 02:39:05
Método: POST
POST: Array
(
    [Nome] => Rebeca de Oliveira 
    [Telefone] => 43988535194
    [Renda_Mensal] => R$ 2.001 a R$ 4.000
    [Email] => rebecarodriguues@gmail.com
    [Valor_Entrada] => Não
    [captcha1] => on
    [captcha4] => on
)

Arquivo acessado em: 2025-04-25 10:51:49
Método: POST
POST: Array
(
    [Nome] => Raissa
    [Telefone] => 43988108906
    [Renda_Mensal] => Acima de R$ 6.000
    [Email] => raissacastromuniz@hotmail.com
    [Valor_Entrada] => Não
    [captcha1] => on
    [captcha2] => on
)

Arquivo acessado em: 2025-04-25 19:29:20
Método: POST
POST: Array
(
    [Nome] => Ariel 
    [Telefone] => (11) 98432-1547
    [Renda_Mensal] => R$ 2.001 a R$ 4.000
    [Email] => solangelowill14@gmail.com
    [Valor_Entrada] => Não
)

Arquivo acessado em: 2025-04-26 00:57:40
Método: POST
POST: Array
(
    [Nome] => Gabriel Felipe Alves de Queiroz 
    [Telefone] => (43) 99902-6248
    [Renda_Mensal] => Até R$ 2.000
    [Email] => gabriel.f.13@hotmail.com
    [Valor_Entrada] => Não
    [captcha1] => on
    [captcha3] => on
)

Arquivo acessado em: 2025-04-26 10:47:06
Método: POST
POST: Array
(
    [Nome] => Vinícius Nogueira dos Santos 
    [Telefone] => 11982349987
    [Renda_Mensal] => Até R$ 2.000
    [Email] => viniciusmvp089@gmail.com
    [Valor_Entrada] => Não
)

Arquivo acessado em: 2025-04-28 22:45:29
Método: POST
POST: Array
(
    [Nome] => Luis
    [Telefone] => 13996362901
    [Renda_Mensal] => R$ 4.001 a R$ 6.000
    [Email] => luis8_reis@hotmail.com
    [Valor_Entrada] => Não
    [captcha1] => on
    [captcha2] => on
)

Arquivo acessado em: 2025-04-28 23:33:23
Método: POST
POST: Array
(
    [Nome] => Anne Edineia Rodrigues
    [Telefone] => 43996809643
    [Renda_Mensal] => R$ 4.001 a R$ 6.000
    [Email] => neiaron19@hotmail.com
    [Valor_Entrada] => Não
    [captcha1] => on
    [captcha3] => on
)

Arquivo acessado em: 2025-04-29 00:09:48
Método: POST
POST: Array
(
    [Nome] => Jean Lucas Pedroso Pereira 
    [Telefone] => 43991514946
    [Renda_Mensal] => R$ 2.001 a R$ 4.000
    [Email] => jeanlucaas@gmail.com
    [Valor_Entrada] => Sim
    [captcha1] => on
    [captcha2] => on
    [captcha3] => on
)

Arquivo acessado em: 2025-04-29 01:07:01
Método: POST
POST: Array
(
    [Nome] => Karolaine santos Rodrigues 
    [Telefone] => 43999483725
    [Renda_Mensal] => R$ 4.001 a R$ 6.000
    [Email] => everson.nascimento55@gmail.com
    [Valor_Entrada] => Sim
)

Arquivo acessado em: 2025-04-29 01:31:54
Método: POST
POST: Array
(
    [Nome] => Matheus Felipe Oliveira Da Silva 
    [Telefone] => 43991948734
    [Renda_Mensal] => Até R$ 2.000
    [Email] => Matheus.mofis@gmail.com
    [Valor_Entrada] => Não
    [captcha3] => on
)

Arquivo acessado em: 2025-04-29 03:24:42
Método: POST
POST: Array
(
    [Nome] => Jailson Braz 
    [Telefone] => 43991975837
    [Renda_Mensal] => R$ 2.001 a R$ 4.000
    [Email] => jaia.bds@hotmail.com
    [Valor_Entrada] => Não
    [captcha4] => on
)

Arquivo acessado em: 2025-04-29 04:52:52
Método: POST
POST: Array
(
    [Nome] => Joyce Rodrigues dos Santos 
    [Telefone] => 43996178393
    [Renda_Mensal] => Até R$ 2.000
    [Email] => joyceeluzia2019@gmail.com
    [Valor_Entrada] => Não
    [captcha1] => on
)

Arquivo acessado em: 2025-04-29 12:02:36
Método: POST
POST: Array
(
    [Nome] => Fabio Junior Kiataque 
    [Telefone] => (43) 98863-2055
    [Renda_Mensal] => R$ 4.001 a R$ 6.000
    [Email] => fabiokiataque17@gmail.com
    [Valor_Entrada] => Sim
    [captcha1] => on
)

Arquivo acessado em: 2025-04-29 12:12:21
Método: POST
POST: Array
(
    [Nome] => Daniel 
    [Telefone] => 43996690714
    [Renda_Mensal] => R$ 4.001 a R$ 6.000
    [Email] => danielcamposs.2006@gmail.com
    [Valor_Entrada] => Não
)

Arquivo acessado em: 2025-04-29 12:12:59
Método: POST
POST: Array
(
    [Nome] => Daniel 
    [Telefone] => 43 996690714
    [Renda_Mensal] => R$ 4.001 a R$ 6.000
    [Email] => danielcamposs.2006@gmail.com
    [Valor_Entrada] => Não
)

Arquivo acessado em: 2025-04-30 00:49:14
Método: POST
POST: Array
(
    [Nome] => Giliardi Hernandes Ferreira 
    [Telefone] => 43933008859
    [Renda_Mensal] => R$ 4.001 a R$ 6.000
    [Email] => ghfhernandes@outlook.com
    [Valor_Entrada] => Sim
)

Arquivo acessado em: 2025-04-30 10:36:59
Método: POST
POST: Array
(
    [Nome] => Marcos Alves Artero
    [Telefone] => 43999913678
    [Renda_Mensal] => R$ 2.001 a R$ 4.000
    [Email] => fartero105@gmail.com
    [Valor_Entrada] => Sim
    [captcha3] => on
    [captcha4] => on
)

Arquivo acessado em: 2025-04-30 21:42:07
Método: POST
POST: Array
(
    [Nome] => Tulio Aldeia De Carvalho 
    [Telefone] => 43998034895
    [Renda_Mensal] => R$ 2.001 a R$ 4.000
    [Email] => tuliocarvalho606@gmail.com
    [Valor_Entrada] => Não
    [captcha1] => on
)

Arquivo acessado em: 2025-05-01 01:32:53
Método: POST
POST: Array
(
    [Nome] => FERNANDO JUNIOR DE ARAUJO
    [Telefone] => 43996501484
    [Renda_Mensal] => R$ 2.001 a R$ 4.000
    [Email] => contabilidade.financias@gmail.com
    [Valor_Entrada] => Não
)

Arquivo acessado em: 2025-05-01 01:34:33
Método: POST
POST: Array
(
    [Nome] => maria heloisa de souza dias
    [Telefone] => 43996096453
    [Renda_Mensal] => R$ 2.001 a R$ 4.000
    [Email] => mariaheloisad663@gmail.com
    [Valor_Entrada] => Não
    [captcha1] => on
    [captcha4] => on
)

Arquivo acessado em: 2025-05-01 03:59:28
Método: POST
POST: Array
(
    [Nome] => João Venâncio Agusti
    [Telefone] => +5543991427642
    [Renda_Mensal] => Até R$ 2.000
    [Email] => agustijoaovenancio@gmail.com
    [Valor_Entrada] => Não
)

Arquivo acessado em: 2025-05-01 03:59:28
Método: POST
POST: Array
(
    [Nome] => João Venâncio Agusti
    [Telefone] => +5543991427642
    [Renda_Mensal] => Até R$ 2.000
    [Email] => agustijoaovenancio@gmail.com
    [Valor_Entrada] => Não
)

Arquivo acessado em: 2025-05-01 10:47:53
Método: POST
POST: Array
(
    [Nome] => Maicon Alves Batista 
    [Telefone] => (43) 984223193
    [Renda_Mensal] => R$ 4.001 a R$ 6.000
    [Email] => maiconalvesbatista85@gmail.com
    [Valor_Entrada] => Sim
)

Arquivo acessado em: 2025-05-01 13:29:58
Método: POST
POST: Array
(
    [Nome] => Gabriela spirandio
    [Telefone] => 43996589304
    [Renda_Mensal] => R$ 2.001 a R$ 4.000
    [Email] => gabispirandio@hotmail.com
    [Valor_Entrada] => Não
    [captcha1] => on
)

Arquivo acessado em: 2025-05-01 22:37:55
Método: POST
POST: Array
(
    [Nome] => João Vitor 
    [Telefone] => (43) 99671-9840
    [Renda_Mensal] => R$ 2.001 a R$ 4.000
    [Email] => albuquerque.jv66@gmail.com
    [Valor_Entrada] => Sim
)

Arquivo acessado em: 2025-05-02 02:18:59
Método: POST
POST: Array
(
    [Nome] => Rafael jesus
    [Telefone] => (43) 98808-7086
    [Renda_Mensal] => R$ 2.001 a R$ 4.000
    [Email] => pinturasmudar@gmail.com
    [Valor_Entrada] => Sim
    [captcha1] => on
    [captcha3] => on
    [captcha4] => on
)

Arquivo acessado em: 2025-05-02 05:00:39
Método: POST
POST: Array
(
    [Nome] => Bianca Lima Reis 
    [Telefone] => +55 (43) 99934-7223
    [Renda_Mensal] => R$ 2.001 a R$ 4.000
    [Email] => bia1526blr@gmail.com
    [Valor_Entrada] => Não
)

Arquivo acessado em: 2025-05-02 10:04:48
Método: POST
POST: Array
(
    [Nome] => Osvaldo 
    [Telefone] => (43) 99903 9813
    [Renda_Mensal] => R$ 4.001 a R$ 6.000
    [Email] => sosvaldo989@gmail.com
    [Valor_Entrada] => Sim
    [captcha1] => on
    [captcha4] => on
)

Arquivo acessado em: 2025-05-02 11:49:26
Método: POST
POST: Array
(
    [Nome] => Andréa Aparecida Mendonça 
    [Telefone] => 043998457103
    [Renda_Mensal] => Até R$ 2.000
    [Email] => andreaaparecidamendonca@gmail.com
    [Valor_Entrada] => Não
    [captcha1] => on
    [captcha3] => on
)

Arquivo acessado em: 2025-05-02 14:18:37
Método: POST
POST: Array
(
    [Nome] => Rafaela Veronezi Duarte Giupato
    [Telefone] => (43) 9960-45365
    [Renda_Mensal] => R$ 2.001 a R$ 4.000
    [Email] => rafa.veronezi06@gmail.com
    [Valor_Entrada] => Sim
    [captcha1] => on
    [captcha3] => on
    [captcha4] => on
)

Arquivo acessado em: 2025-05-02 23:01:34
Método: POST
POST: Array
(
    [Nome] => Leticia da silva Oliveira 
    [Telefone] => 43984446833
    [Renda_Mensal] => Até R$ 2.000
    [Email] => le_16_10@hotmail.com
    [Valor_Entrada] => Sim
    [captcha3] => on
)

Arquivo acessado em: 2025-05-03 03:21:29
Método: POST
POST: Array
(
    [Nome] => Carline Fagundes
    [Telefone] => 44984620779
    [Renda_Mensal] => R$ 2.001 a R$ 4.000
    [Email] => fagundescarline5@gmail.com
    [Valor_Entrada] => Não
    [captcha1] => on
)

Arquivo acessado em: 2025-05-03 04:25:25
Método: POST
POST: Array
(
    [Nome] => Angélica Cristina Mendes fiel 
    [Telefone] => 43996193772
    [Renda_Mensal] => R$ 2.001 a R$ 4.000
    [Email] => angelmfiel@gmail.com
    [Valor_Entrada] => Não
)

Arquivo acessado em: 2025-05-03 07:54:17
Método: POST
POST: Array
(
    [Nome] => Graziela de Moraes Teodoro 
    [Telefone] => +55 (43) 99920-1989
    [Renda_Mensal] => R$ 2.001 a R$ 4.000
    [Email] => grazimoraes.teodoro@gmail.com
    [Valor_Entrada] => Sim
)

Arquivo acessado em: 2025-05-03 16:02:40
Método: POST
POST: Array
(
    [Nome] => Gabriella Neves Bertoni 
    [Telefone] => 43996273126
    [Renda_Mensal] => R$ 2.001 a R$ 4.000
    [Email] => ga.nbertoni@hotmail.com
    [Valor_Entrada] => Sim
)

Arquivo acessado em: 2025-05-03 17:18:25
Método: POST
POST: Array
(
    [Nome] => Hellen Fernanda Da Rocha Bisterço
    [Telefone] => (43) 99156-8340
    [Renda_Mensal] => Até R$ 2.000
    [Email] => hellen.bisterco2612@gmail.com
    [Valor_Entrada] => Não
    [captcha4] => on
)

Arquivo acessado em: 2025-05-03 19:02:14
Método: POST
POST: Array
(
    [Nome] => Matheus
    [Telefone] => 43998606713
    [Renda_Mensal] => R$ 4.001 a R$ 6.000
    [Email] => matheus.richard@hotmail.com
    [Valor_Entrada] => Não
)

Arquivo acessado em: 2025-05-05 05:40:11
Método: POST
POST: Array
(
    [Nome] => Bruno Martins Dos Reis
    [Telefone] => 43991685736
    [Renda_Mensal] => Até R$ 2.000
    [Email] => brunomartinsdosreis21@gmail.com
    [Valor_Entrada] => Não
    [captcha3] => on
)

Arquivo acessado em: 2025-05-05 15:00:23
Método: POST
POST: Array
(
    [Nome] => Fabio 
    [Telefone] => +55 (43) 99902-7621
    [Renda_Mensal] => R$ 2.001 a R$ 4.000
    [Email] => fabiolincolngimenez@gmail.com
    [Valor_Entrada] => Não
    [captcha1] => on
    [captcha3] => on
)

Arquivo acessado em: 2025-05-05 15:42:36
Método: POST
POST: Array
(
    [Nome] => Moisés Abraão veríssimo da Silva 
    [Telefone] => 43988011004
    [Renda_Mensal] => Até R$ 2.000
    [Email] => moisesdoanel@gmail.com
    [Valor_Entrada] => Sim
)

Arquivo acessado em: 2025-05-05 15:42:36
Método: POST
POST: Array
(
    [Nome] => Moisés Abraão veríssimo da Silva 
    [Telefone] => 43988011004
    [Renda_Mensal] => Até R$ 2.000
    [Email] => moisesdoanel@gmail.com
    [Valor_Entrada] => Sim
)

Arquivo acessado em: 2025-05-05 15:42:37
Método: POST
POST: Array
(
    [Nome] => Moisés Abraão veríssimo da Silva 
    [Telefone] => 43988011004
    [Renda_Mensal] => Até R$ 2.000
    [Email] => moisesdoanel@gmail.com
    [Valor_Entrada] => Sim
)

Arquivo acessado em: 2025-05-05 16:08:14
Método: POST
POST: Array
(
    [Nome] => Kennedy Matheus Siqueira Antunes 
    [Telefone] => 43 99164-4255
    [Renda_Mensal] => R$ 4.001 a R$ 6.000
    [Email] => kennedyantunes22@hotmail.com
    [Valor_Entrada] => Sim
    [captcha3] => on
)

Arquivo acessado em: 2025-05-05 16:53:33
Método: POST
POST: Array
(
    [Nome] => Larissa 
    [Telefone] => 18988168930
    [Renda_Mensal] => R$ 2.001 a R$ 4.000
    [Email] => larissalopp12@gmail.com
    [Valor_Entrada] => Sim
    [captcha3] => on
    [captcha4] => on
)

Arquivo acessado em: 2025-05-05 17:24:08
Método: POST
POST: Array
(
    [Nome] => Carolina Lemes da Silva 
    [Telefone] => (43) 98825-2533
    [Renda_Mensal] => R$ 2.001 a R$ 4.000
    [Email] => ccaroljunior@gmail.com
    [Valor_Entrada] => Sim
    [captcha1] => on
)

Arquivo acessado em: 2025-05-06 11:12:43
Método: POST
POST: Array
(
    [Nome] => Daiane Flavia de Oliveira 
    [Telefone] => 43998097506
    [Renda_Mensal] => R$ 4.001 a R$ 6.000
    [Email] => daianefdeoliveira2@hotmail.com
    [Valor_Entrada] => Não
    [captcha1] => on
)

Arquivo acessado em: 2025-05-06 18:52:45
Método: POST
POST: Array
(
    [Nome] => Esther Carvalho Lima
    [Telefone] => (43) 98494-2110
    [Renda_Mensal] => Até R$ 2.000
    [Email] => eliasviana7@hotmail.com
    [Valor_Entrada] => Não
)

Arquivo acessado em: 2025-05-07 01:58:12
Método: POST
POST: Array
(
    [Nome] => Beatriz Martins
    [Telefone] => 43996620749
    [Renda_Mensal] => R$ 4.001 a R$ 6.000
    [Email] => beatrizmartins05@hotmail.com
    [Valor_Entrada] => Não
    [captcha1] => on
)

Arquivo acessado em: 2025-05-07 02:41:38
Método: POST
POST: Array
(
    [Nome] => Caio mutti 
    [Telefone] => 43991325610
    [Renda_Mensal] => R$ 2.001 a R$ 4.000
    [Email] => caiooogugh@gmail.com
    [Valor_Entrada] => Não
    [captcha3] => on
)

Arquivo acessado em: 2025-05-07 02:42:58
Método: POST
POST: Array
(
    [Nome] => Vitoria Geovana 
    [Telefone] => (43) 9965-40344
    [Renda_Mensal] => R$ 2.001 a R$ 4.000
    [Email] => vitoriageovanaoliveira15@gmail.com
    [Valor_Entrada] => Não
    [captcha1] => on
)

Arquivo acessado em: 2025-05-07 22:13:41
Método: POST
POST: Array
(
    [Nome] => Letícia Dos Santos pereira 
    [Telefone] => (43) 98824-0478
    [Renda_Mensal] => R$ 2.001 a R$ 4.000
    [Email] => leticiadossantospereira695@gmail.com
    [Valor_Entrada] => Não
)

Arquivo acessado em: 2025-05-08 21:02:01
Método: POST
POST: Array
(
    [Nome] => Gabriel
    [Telefone] => (43) 99961-8226
    [Renda_Mensal] => R$ 4.001 a R$ 6.000
    [Email] => seidihashimoto14@gmail.com
    [Valor_Entrada] => Sim
    [captcha4] => on
)

Arquivo acessado em: 2025-05-09 01:40:07
Método: POST
POST: Array
(
    [Nome] => Mateus
    [Telefone] => 43991898924
    [Renda_Mensal] => R$ 4.001 a R$ 6.000
    [Email] => mateusalfeu@gmail.com
    [Valor_Entrada] => Não
    [captcha1] => on
    [captcha2] => on
    [captcha3] => on
    [captcha4] => on
)

Arquivo acessado em: 2025-05-09 14:32:17
Método: POST
POST: Array
(
    [Nome] => Luciana batista Rodrigues 
    [Telefone] => 43984885422
    [Renda_Mensal] => R$ 2.001 a R$ 4.000
    [Email] => luhl28029@gmail.com
    [Valor_Entrada] => Não
)

Arquivo acessado em: 2025-05-09 14:51:39
Método: POST
POST: Array
(
    [Nome] => Eduardo Samuel Russo 
    [Telefone] => 43991125855
    [Renda_Mensal] => Acima de R$ 6.000
    [Email] => eduardosrusso@hotmail.com
    [Valor_Entrada] => Não
    [captcha1] => on
)

Arquivo acessado em: 2025-05-09 17:09:13
Método: POST
POST: Array
(
    [Nome] => Toma no seu cuzin
    [Telefone] => 4399865235782
    [Renda_Mensal] => Acima de R$ 6.000
    [Email] => tomanoseucuzin@gmail.com
    [Valor_Entrada] => Sim
    [captcha1] => on
    [captcha2] => on
    [captcha3] => on
    [captcha4] => on
)

Arquivo acessado em: 2025-05-10 15:46:37
Método: POST
POST: Array
(
    [Nome] => Gabriela
    [Telefone] => (43) 9961-24591
    [Renda_Mensal] => R$ 4.001 a R$ 6.000
    [Email] => gabrielaferminoesilva@hotmail.com
    [Valor_Entrada] => Sim
)

Arquivo acessado em: 2025-05-10 21:24:35
Método: POST
POST: Array
(
    [Nome] => Daiane Santana
    [Telefone] => 43991145424
    [Renda_Mensal] => R$ 4.001 a R$ 6.000
    [Email] => daiasantana30@gmail.com
    [Valor_Entrada] => Não
    [captcha1] => on
)

Arquivo acessado em: 2025-05-11 01:47:13
Método: POST
POST: Array
(
    [Nome] => Lucileno e Freitas Cabreira 
    [Telefone] => (41) 99524-1488
    [Renda_Mensal] => Acima de R$ 6.000
    [Email] => freitascabreiral@gmail.com
    [Valor_Entrada] => Sim
    [captcha1] => on
)

Arquivo acessado em: 2025-05-11 15:20:00
Método: POST
POST: Array
(
    [Nome] => Gabriel Alecsandro Santos Doneda 
    [Telefone] => 11950947772
    [Renda_Mensal] => R$ 4.001 a R$ 6.000
    [Email] => gmservicosautomotivos@outlook.com
    [Valor_Entrada] => Não
)

Arquivo acessado em: 2025-05-12 02:35:49
Método: POST
POST: Array
(
    [Nome] => Paulo Vinicius 
    [Telefone] => 43999175797
    [Renda_Mensal] => R$ 2.001 a R$ 4.000
    [Email] => pauloviniciusduos16@gmail.com
    [Valor_Entrada] => Sim
    [captcha1] => on
    [captcha3] => on
)

Arquivo acessado em: 2025-05-12 05:08:23
Método: POST
POST: Array
(
    [Nome] => Aldo de Souza Mendes 
    [Telefone] => 43 99679-2944
    [Renda_Mensal] => R$ 4.001 a R$ 6.000
    [Email] => aldo.bodega@hotmail.com
    [Valor_Entrada] => Não
    [captcha1] => on
    [captcha2] => on
    [captcha3] => on
    [captcha4] => on
)

Arquivo acessado em: 2025-05-12 12:00:25
Método: POST
POST: Array
(
    [Nome] => Eduardo Gabriel Antunes Américo 
    [Telefone] => 43984987014
    [Renda_Mensal] => R$ 2.001 a R$ 4.000
    [Email] => eduardogamerico@gmail.com
    [Valor_Entrada] => Sim
    [captcha4] => on
)

Arquivo acessado em: 2025-05-12 16:53:29
Método: POST
POST: Array
(
    [Nome] => teste (desenvolvedor)
    [Telefone] => 3456787654
    [Renda_Mensal] => Até R$ 2.000
    [Email] => gabrielmeira1@edu.unifil.br
    [Valor_Entrada] => Não
)

Arquivo acessado em: 2025-05-12 17:11:58
Método: POST
POST: Array
(
    [Nome] => Teste Desenvolvedor
    [Telefone] => 439886221453
    [Renda_Mensal] => R$ 2.001 a R$ 4.000
    [Email] => gabrielmeira1199@gmail.com
    [Valor_Entrada] => Não
)

Arquivo acessado em: 2025-05-12 19:22:58
Método: POST
POST: Array
(
    [Nome] => Hickson Scandolieri
    [Telefone] => 43 998078844
    [Renda_Mensal] => Acima de R$ 6.000
    [Email] => hickson.vinicius.scandolieri@gmail.com
    [Valor_Entrada] => Sim
    [captcha3] => on
)

Arquivo acessado em: 2025-05-12 19:34:58
Método: POST
POST: Array
(
    [Nome] => Jenifer Rafaela Martins de Souza 
    [Telefone] => (43)988176324
    [Renda_Mensal] => R$ 2.001 a R$ 4.000
    [Email] => jeniferrafaela11823@gmail.com
    [Valor_Entrada] => Sim
    [captcha4] => on
)

Arquivo acessado em: 2025-05-13 01:16:12
Método: POST
POST: Array
(
    [Nome] => Kézia Souza de Oliveira 
    [Telefone] => 43999834022
    [Renda_Mensal] => R$ 2.001 a R$ 4.000
    [Email] => keziaolivers@gmail.com
    [Valor_Entrada] => Sim
)

Arquivo acessado em: 2025-05-13 11:34:53
Método: POST
POST: Array
(
    [Nome] => Acir Vieira de Siqueira Junior 
    [Telefone] => (43) 99687-4492
    [Renda_Mensal] => Acima de R$ 6.000
    [Email] => acirvieira60@gmail.com
    [Valor_Entrada] => Não
)

Arquivo acessado em: 2025-05-13 12:05:05
Método: POST
POST: Array
(
    [Nome] => Adrian Henrique Rosne de Almeida 
    [Telefone] => 43999152500
    [Renda_Mensal] => Até R$ 2.000
    [Email] => henriq1p2c@gmail.com
    [Valor_Entrada] => Sim
    [captcha4] => on
)

Arquivo acessado em: 2025-05-13 18:09:29
Método: POST
POST: Array
(
    [Nome] => Luís Felipe Gonçalves Carneiro 
    [Telefone] => 43996596056
    [Renda_Mensal] => R$ 4.001 a R$ 6.000
    [Email] => luisfelipegcarneiro@gmail.com
    [Valor_Entrada] => Não
)

Arquivo acessado em: 2025-05-14 00:26:21
Método: POST
POST: Array
(
    [Nome] => Keila
    [Telefone] => +55 (43) 98435-2062
    [Renda_Mensal] => R$ 2.001 a R$ 4.000
    [Email] => keilafranciele10@hotmail.com
    [Valor_Entrada] => Não
)

Arquivo acessado em: 2025-05-14 10:18:15
Método: POST
POST: Array
(
    [Nome] => Weliton Ferreira
    [Telefone] => (43) 99629-1601
    [Renda_Mensal] => R$ 2.001 a R$ 4.000
    [Email] => dherykaghata@gmail.com
    [Valor_Entrada] => Sim
    [captcha1] => on
)

Arquivo acessado em: 2025-05-15 00:57:53
Método: POST
POST: Array
(
    [Nome] => Josmar
    [Telefone] => +5543998245727
    [Renda_Mensal] => Até R$ 2.000
    [Email] => danieladacostasouza94@gmail.com
    [Valor_Entrada] => Não
)

Arquivo acessado em: 2025-05-15 08:13:05
Método: POST
POST: Array
(
    [Nome] => Greice Molonha
    [Telefone] => +55 43 98427 0071
    [Renda_Mensal] => Até R$ 2.000
    [Email] => greicemolonha@outlook.com
    [Valor_Entrada] => Sim
    [captcha1] => on
    [captcha4] => on
)

Arquivo acessado em: 2025-05-15 12:42:27
Método: POST
POST: Array
(
    [Nome] => Julio
    [Telefone] => 43991434300
    [Renda_Mensal] => R$ 2.001 a R$ 4.000
    [Email] => juliomoraesantosc@gmail.com
    [Valor_Entrada] => Sim
    [captcha1] => on
    [captcha3] => on
)

Arquivo acessado em: 2025-05-15 19:29:44
Método: POST
POST: Array
(
    [Nome] => Ana 
    [Telefone] => (43)98852-4549
    [Renda_Mensal] => R$ 2.001 a R$ 4.000
    [Email] => nannyapas@gmail.com
    [Valor_Entrada] => Sim
    [captcha3] => on
)

Arquivo acessado em: 2025-05-15 19:46:41
Método: POST
POST: Array
(
    [Nome] => Isabelle Cristine Facundo rogenski 
    [Telefone] => (43) 9 8483-3593
    [Renda_Mensal] => R$ 2.001 a R$ 4.000
    [Email] => irogenski@hotmail.com
    [Valor_Entrada] => Não
    [captcha1] => on
    [captcha3] => on
)

Arquivo acessado em: 2025-05-15 23:58:18
Método: POST
POST: Array
(
    [Nome] => Katiane stain 
    [Telefone] => 43996197969
    [Renda_Mensal] => Acima de R$ 6.000
    [Email] => Katyane_stein@hotmail.com
    [Valor_Entrada] => Não
)

Arquivo acessado em: 2025-05-15 23:58:59
Método: POST
POST: Array
(
    [Nome] => Katiane stain 
    [Telefone] => 43996197969
    [Renda_Mensal] => Acima de R$ 6.000
    [Email] => Katyane_stein@hotmail.com
    [Valor_Entrada] => Não
)

